Raw input: {"action":"signin","email":"test@gmail.com","password":"marselha669"}
Raw input: {"action":"signin","email":"test@gmail.com","password":"marselha669"}
Raw input: {"action":"signin","email":"test@gmail.com","password":"marselha669"}
Raw input: {"action":"register","email":"test@gmail.com","password":"asd12369"}
Raw input: {"action":"register","email":"test@gmail.com","password":"asd12369"}
Raw input: {"action":"register","email":"test@gmail.com","password":"asd12369"}
Raw input: {"action":"register","email":"test@gmail.com","password":"asd12369"}
Raw input: {"action":"register","email":"test@gmail.com","password":"asd12369"}
Raw input: {"action":"register","email":"test@gmail.com","password":"asd12369"}
Raw input: {"action":"signin","email":"test@gmail.com","password":"Marselha6969__"}
Raw input: {"action":"register","email":"test@gmail.com","password":"asd12369"}
Raw input: {"action":"register","email":"test@gmail.com","password":"asd12369"}
Raw input: {"action":"register","email":"test@gmail.com","password":"asd12369"}
Raw input: {"action":"register","email":"test@gmail.com","password":"asd12369"}
Raw input: {"action":"register","email":"test@gmail.com","password":"asd12369"}
Raw input: {"action":"signin","email":"test@gmail.com","password":"asd123"}
Raw input: {"action":"signin","email":"test@gmail.com","password":"asd123"}
Raw input: {"action":"register","email":"test@gmail.com","password":"asd123"}
Raw input: {"action":"register","email":"test@gmail.com","password":"asd123"}
Raw input: {"action":"register","email":"test@gmail.com","password":"asd12369"}
Raw input: {"action":"register","email":"test@gmail.com","password":"asd12369"}
Raw input: {"action":"signin","email":"test@gmail.com","password":"asd13269"}
Raw input: {"action":"signin","email":"testuser@example.com","password":"Test1234"}
Raw input: {"action":"register","email":"test@gmail.com","password":"asd123"}
Raw input: {"action":"signin","email":"testuser@example.com","password":"Test1234"}
Raw input: {"action":"signin","email":"testuser@example.com","password":"Test1234"}
Raw input: {"action":"register","email":"test@gmail.com","password":"asd123"}
Raw input: {"action":"register","email":"test@gmail.com","password":"asd123"}
Raw input: {"action":"signin","email":"asd@gmail.com","password":"asd123"}
Raw input: {"action":"register","email":"test@gmail.com","password":"asd123"}
Raw input: {"action":"register","email":"test@gmail.com","password":"asd123"}
